2026-05-15T10:10:07.390+05:30  INFO 21160 --- [MyPlant Smart Plant Care API] [main] com.myplant.MyPlantApplication           : Starting MyPlantApplication using Java 17.0.12 with PID 21160 (D:\MyPlant\backend\target\classes started by k2092 in D:\MyPlant\backend)
2026-05-15T10:10:07.407+05:30 DEBUG 21160 --- [MyPlant Smart Plant Care API] [main] com.myplant.MyPlantApplication           : Running with Spring Boot v3.3.5, Spring v6.1.14
2026-05-15T10:10:07.410+05:30  INFO 21160 --- [MyPlant Smart Plant Care API] [main] com.myplant.MyPlantApplication           : No active profile set, falling back to 1 default profile: "default"
2026-05-15T10:10:09.188+05:30  INFO 21160 --- [MyPlant Smart Plant Care API] [main] .s.d.r.c.RepositoryConfigurationDelegate : Bootstrapping Spring Data JPA repositories in DEFAULT mode.
2026-05-15T10:10:09.550+05:30  INFO 21160 --- [MyPlant Smart Plant Care API] [main] .s.d.r.c.RepositoryConfigurationDelegate : Finished Spring Data repository scanning in 354 ms. Found 5 JPA repository interfaces.
2026-05-15T10:10:10.800+05:30  INFO 21160 --- [MyPlant Smart Plant Care API] [main] o.s.b.w.embedded.tomcat.TomcatWebServer  : Tomcat initialized with port 8081 (http)
2026-05-15T10:10:10.820+05:30  INFO 21160 --- [MyPlant Smart Plant Care API] [main] o.apache.catalina.core.StandardService   : Starting service [Tomcat]
2026-05-15T10:10:10.820+05:30  INFO 21160 --- [MyPlant Smart Plant Care API] [main] o.apache.catalina.core.StandardEngine    : Starting Servlet engine: [Apache Tomcat/10.1.31]
2026-05-15T10:10:10.952+05:30  INFO 21160 --- [MyPlant Smart Plant Care API] [main] o.a.c.c.C.[Tomcat].[localhost].[/]       : Initializing Spring embedded WebApplicationContext
2026-05-15T10:10:10.952+05:30  INFO 21160 --- [MyPlant Smart Plant Care API] [main] w.s.c.ServletWebServerApplicationContext : Root WebApplicationContext: initialization completed in 3394 ms
2026-05-15T10:10:11.156+05:30  INFO 21160 --- [MyPlant Smart Plant Care API] [main] com.zaxxer.hikari.HikariDataSource       : HikariPool-1 - Starting...
2026-05-15T10:10:11.859+05:30  INFO 21160 --- [MyPlant Smart Plant Care API] [main] com.zaxxer.hikari.pool.HikariPool        : HikariPool-1 - Added connection com.mysql.cj.jdbc.ConnectionImpl@45554613
2026-05-15T10:10:11.865+05:30  INFO 21160 --- [MyPlant Smart Plant Care API] [main] com.zaxxer.hikari.HikariDataSource       : HikariPool-1 - Start completed.
2026-05-15T10:10:12.036+05:30  INFO 21160 --- [MyPlant Smart Plant Care API] [main] o.hibernate.jpa.internal.util.LogHelper  : HHH000204: Processing PersistenceUnitInfo [name: default]
2026-05-15T10:10:12.184+05:30  INFO 21160 --- [MyPlant Smart Plant Care API] [main] org.hibernate.Version                    : HHH000412: Hibernate ORM core version 6.5.3.Final
2026-05-15T10:10:12.360+05:30  INFO 21160 --- [MyPlant Smart Plant Care API] [main] o.h.c.internal.RegionFactoryInitiator    : HHH000026: Second-level cache disabled
2026-05-15T10:10:12.802+05:30  INFO 21160 --- [MyPlant Smart Plant Care API] [main] o.s.o.j.p.SpringPersistenceUnitInfo      : No LoadTimeWeaver setup: ignoring JPA class transformer
2026-05-15T10:10:13.052+05:30  WARN 21160 --- [MyPlant Smart Plant Care API] [main] org.hibernate.orm.deprecation            : HHH90000025: MySQL8Dialect does not need to be specified explicitly using 'hibernate.dialect' (remove the property setting and it will be selected by default)
2026-05-15T10:10:13.060+05:30  WARN 21160 --- [MyPlant Smart Plant Care API] [main] org.hibernate.orm.deprecation            : HHH90000026: MySQL8Dialect has been deprecated; use org.hibernate.dialect.MySQLDialect instead
2026-05-15T10:10:15.714+05:30  INFO 21160 --- [MyPlant Smart Plant Care API] [main] o.h.e.t.j.p.i.JtaPlatformInitiator       : HHH000489: No JTA platform available (set 'hibernate.transaction.jta.platform' to enable JTA platform integration)
2026-05-15T10:10:16.452+05:30  INFO 21160 --- [MyPlant Smart Plant Care API] [main] j.LocalContainerEntityManagerFactoryBean : Initialized JPA EntityManagerFactory for persistence unit 'default'
2026-05-15T10:10:17.333+05:30  INFO 21160 --- [MyPlant Smart Plant Care API] [main] o.s.d.j.r.query.QueryEnhancerFactory     : Hibernate is in classpath; If applicable, HQL parser will be used.
2026-05-15T10:10:18.444+05:30  WARN 21160 --- [MyPlant Smart Plant Care API] [main] JpaBaseConfiguration$JpaWebConfiguration : spring.jpa.open-in-view is enabled by default. Therefore, database queries may be performed during view rendering. Explicitly configure spring.jpa.open-in-view to disable this warning
2026-05-15T10:10:18.507+05:30  INFO 21160 --- [MyPlant Smart Plant Care API] [main] eAuthenticationProviderManagerConfigurer : Global AuthenticationManager configured with AuthenticationProvider bean with name authenticationProvider
2026-05-15T10:10:18.507+05:30  WARN 21160 --- [MyPlant Smart Plant Care API] [main] r$InitializeUserDetailsManagerConfigurer : Global AuthenticationManager configured with an AuthenticationProvider bean. UserDetailsService beans will not be used for username/password login. Consider removing the AuthenticationProvider bean. Alternatively, consider using the UserDetailsService in a manually instantiated DaoAuthenticationProvider.
2026-05-15T10:10:18.811+05:30 DEBUG 21160 --- [MyPlant Smart Plant Care API] [main] o.s.s.web.DefaultSecurityFilterChain     : Will secure any request with filters: DisableEncodeUrlFilter, WebAsyncManagerIntegrationFilter, SecurityContextHolderFilter, HeaderWriterFilter, CorsFilter, LogoutFilter, JwtAuthenticationFilter, RequestCacheAwareFilter, SecurityContextHolderAwareRequestFilter, AnonymousAuthenticationFilter, SessionManagementFilter, ExceptionTranslationFilter, AuthorizationFilter
2026-05-15T10:10:19.267+05:30  INFO 21160 --- [MyPlant Smart Plant Care API] [main] o.s.b.w.embedded.tomcat.TomcatWebServer  : Tomcat started on port 8081 (http) with context path '/'
2026-05-15T10:10:19.284+05:30  INFO 21160 --- [MyPlant Smart Plant Care API] [main] com.myplant.MyPlantApplication           : Started MyPlantApplication in 12.823 seconds (process running for 13.711)
2026-05-15T10:11:04.478+05:30  INFO 21160 --- [MyPlant Smart Plant Care API] [http-nio-8081-exec-1] o.a.c.c.C.[Tomcat].[localhost].[/]       : Initializing Spring DispatcherServlet 'dispatcherServlet'
2026-05-15T10:11:04.478+05:30  INFO 21160 --- [MyPlant Smart Plant Care API] [http-nio-8081-exec-1] o.s.web.servlet.DispatcherServlet        : Initializing Servlet 'dispatcherServlet'
2026-05-15T10:11:04.488+05:30  INFO 21160 --- [MyPlant Smart Plant Care API] [http-nio-8081-exec-1] o.s.web.servlet.DispatcherServlet        : Completed initialization in 10 ms
2026-05-15T10:11:04.573+05:30 DEBUG 21160 --- [MyPlant Smart Plant Care API] [http-nio-8081-exec-1] o.s.security.web.FilterChainProxy        : Securing GET /
2026-05-15T10:11:04.610+05:30 DEBUG 21160 --- [MyPlant Smart Plant Care API] [http-nio-8081-exec-1] o.s.s.w.a.AnonymousAuthenticationFilter  : Set SecurityContextHolder to anonymous SecurityContext
2026-05-15T10:11:04.616+05:30 DEBUG 21160 --- [MyPlant Smart Plant Care API] [http-nio-8081-exec-1] o.s.security.web.FilterChainProxy        : Secured GET /
2026-05-15T10:11:04.990+05:30 DEBUG 21160 --- [MyPlant Smart Plant Care API] [http-nio-8081-exec-8] o.s.security.web.FilterChainProxy        : Securing GET /favicon.ico
2026-05-15T10:11:04.992+05:30 DEBUG 21160 --- [MyPlant Smart Plant Care API] [http-nio-8081-exec-8] o.s.s.w.a.AnonymousAuthenticationFilter  : Set SecurityContextHolder to anonymous SecurityContext
2026-05-15T10:11:04.997+05:30 DEBUG 21160 --- [MyPlant Smart Plant Care API] [http-nio-8081-exec-8] o.s.s.w.a.Http403ForbiddenEntryPoint     : Pre-authenticated entry point called. Rejecting access
2026-05-15T10:11:05.024+05:30 DEBUG 21160 --- [MyPlant Smart Plant Care API] [http-nio-8081-exec-8] o.s.security.web.FilterChainProxy        : Securing GET /error
2026-05-15T10:11:05.026+05:30 DEBUG 21160 --- [MyPlant Smart Plant Care API] [http-nio-8081-exec-8] o.s.security.web.FilterChainProxy        : Secured GET /error
2026-05-15T10:11:05.209+05:30 DEBUG 21160 --- [MyPlant Smart Plant Care API] [http-nio-8081-exec-8] o.s.s.w.a.AnonymousAuthenticationFilter  : Set SecurityContextHolder to anonymous SecurityContext
